c:\users\jogun\source\repos\project12\project12\x64\debug\vc143.pdb
c:\users\jogun\source\repos\project12\project12\x64\debug\vc143.idb
c:\users\jogun\source\repos\project12\project12\x64\debug\mugunghwa.obj
c:\users\jogun\source\repos\project12\project12\x64\debug\keyin.obj
c:\users\jogun\source\repos\project12\project12\x64\debug\jjuggumi.obj
c:\users\jogun\source\repos\project12\project12\x64\debug\cavas.obj
c:\users\jogun\source\repos\project12\project12\x64\debug\sample.obj
c:\users\jogun\source\repos\project12\project12\x64\debug\nightgame.obj
c:\users\jogun\source\repos\project12\x64\debug\project12.exe
c:\users\jogun\source\repos\project12\project12\x64\debug\project12.ilk
c:\users\jogun\source\repos\project12\x64\debug\project12.pdb
c:\users\jogun\source\repos\project12\project12\x64\debug\night_exercise.obj
c:\users\jogun\source\repos\project12\project12\x64\debug\nightgame.obj.enc
c:\users\jogun\source\repos\project12\project12\x64\debug\project12.tlog\cl.command.1.tlog
c:\users\jogun\source\repos\project12\project12\x64\debug\project12.tlog\cl.items.tlog
c:\users\jogun\source\repos\project12\project12\x64\debug\project12.tlog\cl.read.1.tlog
c:\users\jogun\source\repos\project12\project12\x64\debug\project12.tlog\cl.write.1.tlog
c:\users\jogun\source\repos\project12\project12\x64\debug\project12.tlog\link.command.1.tlog
c:\users\jogun\source\repos\project12\project12\x64\debug\project12.tlog\link.read.1.tlog
c:\users\jogun\source\repos\project12\project12\x64\debug\project12.tlog\link.write.1.tlog
